2025-10-21 20:28:35,596 - src.api.main - INFO - ============================================================
2025-10-21 20:28:35,596 - src.api.main - INFO - Starting Senga Sequential Decision Engine
2025-10-21 20:28:35,597 - src.api.main - INFO - ============================================================
2025-10-21 20:28:35,832 - src.core.decision_engine - INFO - Decision Engine initialized
2025-10-21 20:28:35,851 - src.api.main - INFO - ============================================================
2025-10-21 20:28:35,851 - src.api.main - INFO - Senga SDE Ready
2025-10-21 20:28:35,852 - src.api.main - INFO - ============================================================
2025-10-21 20:29:21,855 - watchfiles.main - INFO - 1 change detected
2025-10-21 20:29:22,407 - watchfiles.main - INFO - 3 changes detected
2025-10-21 20:39:27,492 - watchfiles.main - INFO - 1 change detected
2025-10-21 20:39:39,658 - watchfiles.main - INFO - 1 change detected
2025-10-21 20:39:39,800 - src.api.main - INFO - Shutting down Senga Sequential Decision Engine
2025-10-21 20:39:39,805 - src.api.main - INFO - Shutdown complete
2025-10-21 20:39:40,649 - watchfiles.main - INFO - 2 changes detected
2025-10-21 20:39:44,487 - watchfiles.main - INFO - 1 change detected
2025-10-21 20:39:44,531 - src.api.main - INFO - ============================================================
2025-10-21 20:39:44,533 - src.api.main - INFO - Starting Senga Sequential Decision Engine
2025-10-21 20:39:44,534 - src.api.main - INFO - ============================================================
2025-10-21 20:39:44,612 - src.core.decision_engine - INFO - Decision Engine initialized
2025-10-21 20:39:44,629 - src.api.main - INFO - ============================================================
2025-10-21 20:39:44,630 - src.api.main - INFO - Senga SDE Ready
2025-10-21 20:39:44,630 - src.api.main - INFO - ============================================================
2025-10-21 20:39:44,851 - watchfiles.main - INFO - 1 change detected
2025-10-21 20:39:45,210 - watchfiles.main - INFO - 1 change detected
2025-10-21 20:39:45,572 - watchfiles.main - INFO - 1 change detected
2025-10-21 20:39:45,933 - watchfiles.main - INFO - 1 change detected
2025-10-21 20:39:46,296 - watchfiles.main - INFO - 1 change detected
2025-10-21 20:39:46,658 - watchfiles.main - INFO - 1 change detected
2025-10-21 20:39:47,068 - watchfiles.main - INFO - 1 change detected
2025-10-21 20:39:47,475 - watchfiles.main - INFO - 1 change detected
2025-10-21 20:39:47,881 - watchfiles.main - INFO - 1 change detected
2025-10-21 20:39:48,289 - watchfiles.main - INFO - 1 change detected
2025-10-21 20:39:48,644 - watchfiles.main - INFO - 1 change detected
2025-10-21 20:39:49,056 - watchfiles.main - INFO - 1 change detected
2025-10-21 20:39:49,464 - watchfiles.main - INFO - 1 change detected
2025-10-21 20:39:49,871 - watchfiles.main - INFO - 1 change detected
2025-10-21 20:39:50,279 - watchfiles.main - INFO - 1 change detected
2025-10-21 20:39:50,687 - watchfiles.main - INFO - 1 change detected
2025-10-21 20:39:51,096 - watchfiles.main - INFO - 1 change detected
2025-10-21 20:39:51,513 - watchfiles.main - INFO - 1 change detected
2025-10-21 20:39:51,923 - watchfiles.main - INFO - 1 change detected
2025-10-21 20:39:52,328 - watchfiles.main - INFO - 1 change detected
2025-10-21 20:39:52,742 - watchfiles.main - INFO - 1 change detected
2025-10-21 20:39:53,150 - watchfiles.main - INFO - 1 change detected
2025-10-21 20:39:53,560 - watchfiles.main - INFO - 1 change detected
2025-10-21 20:39:53,965 - watchfiles.main - INFO - 1 change detected
2025-10-21 20:39:54,369 - watchfiles.main - INFO - 1 change detected
2025-10-21 20:39:54,779 - watchfiles.main - INFO - 1 change detected
2025-10-21 20:39:55,225 - watchfiles.main - INFO - 1 change detected
2025-10-21 20:39:55,652 - watchfiles.main - INFO - 1 change detected
2025-10-21 20:39:56,083 - watchfiles.main - INFO - 1 change detected
2025-10-21 20:39:56,506 - watchfiles.main - INFO - 1 change detected
2025-10-21 20:39:56,937 - watchfiles.main - INFO - 1 change detected
2025-10-21 20:39:57,333 - watchfiles.main - INFO - 1 change detected
2025-10-21 20:39:57,768 - watchfiles.main - INFO - 1 change detected
2025-10-21 20:39:58,204 - watchfiles.main - INFO - 1 change detected
2025-10-21 20:39:58,679 - watchfiles.main - INFO - 1 change detected
2025-10-21 20:39:59,116 - watchfiles.main - INFO - 1 change detected
2025-10-21 20:39:59,499 - watchfiles.main - INFO - 1 change detected
2025-10-21 20:39:59,913 - watchfiles.main - INFO - 1 change detected
2025-10-21 20:40:00,352 - watchfiles.main - INFO - 1 change detected
2025-10-21 20:40:00,790 - watchfiles.main - INFO - 1 change detected
2025-10-21 20:40:01,209 - watchfiles.main - INFO - 1 change detected
2025-10-21 20:40:01,571 - watchfiles.main - INFO - 1 change detected
2025-10-21 20:40:02,033 - watchfiles.main - INFO - 1 change detected
2025-10-21 20:40:02,455 - watchfiles.main - INFO - 1 change detected
2025-10-21 20:40:02,866 - watchfiles.main - INFO - 1 change detected
2025-10-21 20:40:03,274 - watchfiles.main - INFO - 1 change detected
2025-10-21 20:40:03,682 - watchfiles.main - INFO - 1 change detected
2025-10-21 20:40:04,088 - watchfiles.main - INFO - 1 change detected
2025-10-21 20:40:04,446 - watchfiles.main - INFO - 1 change detected
2025-10-21 20:40:04,857 - watchfiles.main - INFO - 1 change detected
2025-10-21 20:40:05,264 - watchfiles.main - INFO - 1 change detected
2025-10-21 20:40:05,675 - watchfiles.main - INFO - 1 change detected
2025-10-21 20:40:06,080 - watchfiles.main - INFO - 1 change detected
2025-10-21 20:40:06,533 - watchfiles.main - INFO - 1 change detected
2025-10-21 20:40:06,887 - watchfiles.main - INFO - 1 change detected
2025-10-21 20:40:07,301 - watchfiles.main - INFO - 1 change detected
2025-10-21 20:40:07,713 - watchfiles.main - INFO - 1 change detected
2025-10-21 20:40:08,117 - watchfiles.main - INFO - 1 change detected
2025-10-21 20:40:08,521 - watchfiles.main - INFO - 1 change detected
2025-10-21 20:40:08,952 - watchfiles.main - INFO - 1 change detected
2025-10-21 20:40:09,356 - watchfiles.main - INFO - 1 change detected
2025-10-21 20:40:09,730 - watchfiles.main - INFO - 1 change detected
2025-10-21 20:40:10,138 - watchfiles.main - INFO - 1 change detected
2025-10-21 20:40:10,546 - watchfiles.main - INFO - 1 change detected
2025-10-21 20:40:10,954 - watchfiles.main - INFO - 1 change detected
2025-10-21 20:40:11,390 - watchfiles.main - INFO - 1 change detected
2025-10-21 20:40:11,754 - watchfiles.main - INFO - 1 change detected
2025-10-21 20:40:12,204 - src.api.main - INFO - Shutting down Senga Sequential Decision Engine
2025-10-21 20:40:12,205 - src.api.main - INFO - Shutdown complete
2025-10-21 20:40:22,926 - src.api.main - INFO - ============================================================
2025-10-21 20:40:22,927 - src.api.main - INFO - Starting Senga Sequential Decision Engine
2025-10-21 20:40:22,928 - src.api.main - INFO - ============================================================
2025-10-21 20:40:23,020 - src.core.decision_engine - INFO - Decision Engine initialized
2025-10-21 20:40:23,046 - src.api.main - INFO - ============================================================
2025-10-21 20:40:23,047 - src.api.main - INFO - Senga SDE Ready
2025-10-21 20:40:23,047 - src.api.main - INFO - ============================================================
2025-10-21 20:41:19,942 - src.api.main - INFO - Running consolidation cycle with 42 pending orders
2025-10-21 20:41:19,943 - src.api.main - ERROR - Consolidation cycle failed: 'DecisionEngine' object has no attribute 'make_decision'
Traceback (most recent call last):
  File "D:\work\senga-sde-framework-v1.0.0\src\api\main.py", line 304, in trigger_consolidation_cycle
    decision = decision_engine.make_decision(current_state)
               ^^^^^^^^^^^^^^^^^^^^^^^^^^^^^
AttributeError: 'DecisionEngine' object has no attribute 'make_decision'
2025-10-21 20:46:19,777 - watchfiles.main - INFO - 1 change detected
2025-10-21 20:46:19,962 - src.api.main - INFO - Shutting down Senga Sequential Decision Engine
2025-10-21 20:46:19,963 - src.api.main - INFO - Shutdown complete
2025-10-21 20:46:20,638 - watchfiles.main - INFO - 6 changes detected
2025-10-21 20:46:23,809 - watchfiles.main - INFO - 1 change detected
2025-10-21 20:46:23,821 - src.api.main - INFO - ============================================================
2025-10-21 20:46:23,822 - src.api.main - INFO - Starting Senga Sequential Decision Engine
2025-10-21 20:46:23,822 - src.api.main - INFO - ============================================================
2025-10-21 20:46:23,890 - src.core.decision_engine - INFO - Decision Engine initialized
2025-10-21 20:46:23,907 - src.api.main - INFO - ============================================================
2025-10-21 20:46:23,907 - src.api.main - INFO - Senga SDE Ready
2025-10-21 20:46:23,907 - src.api.main - INFO - ============================================================
2025-10-21 20:46:24,167 - watchfiles.main - INFO - 1 change detected
2025-10-21 20:46:24,528 - watchfiles.main - INFO - 1 change detected
2025-10-21 20:46:24,938 - watchfiles.main - INFO - 1 change detected
2025-10-21 20:46:25,347 - watchfiles.main - INFO - 1 change detected
2025-10-21 20:46:25,754 - watchfiles.main - INFO - 1 change detected
2025-10-21 20:46:26,161 - watchfiles.main - INFO - 1 change detected
2025-10-21 20:46:26,567 - watchfiles.main - INFO - 1 change detected
2025-10-21 20:46:26,924 - watchfiles.main - INFO - 1 change detected
2025-10-21 20:46:27,336 - watchfiles.main - INFO - 1 change detected
2025-10-21 20:46:27,741 - watchfiles.main - INFO - 1 change detected
2025-10-21 20:46:28,160 - watchfiles.main - INFO - 1 change detected
2025-10-21 20:46:28,573 - watchfiles.main - INFO - 1 change detected
2025-10-21 20:46:28,980 - watchfiles.main - INFO - 1 change detected
2025-10-21 20:46:29,388 - watchfiles.main - INFO - 1 change detected
2025-10-21 20:46:29,692 - src.api.main - INFO - Shutting down Senga Sequential Decision Engine
2025-10-21 20:46:29,693 - src.api.main - INFO - Shutdown complete
2025-10-21 20:46:39,925 - src.api.main - INFO - ============================================================
2025-10-21 20:46:39,928 - src.api.main - INFO - Starting Senga Sequential Decision Engine
2025-10-21 20:46:39,929 - src.api.main - INFO - ============================================================
2025-10-21 20:46:40,056 - src.core.decision_engine - INFO - Decision Engine initialized
2025-10-21 20:46:40,083 - src.api.main - INFO - ============================================================
2025-10-21 20:46:40,083 - src.api.main - INFO - Senga SDE Ready
2025-10-21 20:46:40,084 - src.api.main - INFO - ============================================================
2025-10-21 20:47:18,943 - src.api.main - INFO - Running consolidation cycle with 42 pending orders
2025-10-21 20:47:18,952 - src.core.decision_engine - INFO - Cycle 0: 42 pending shipments
2025-10-21 20:47:18,954 - src.core.decision_engine - INFO - Decision: pfa -> DISPATCH_IMMEDIATE (confidence: 1.00)
2025-10-21 20:47:18,955 - src.core.decision_engine - ERROR - Unknown action type: DISPATCH_IMMEDIATE
2025-10-21 20:47:18,956 - src.core.decision_engine - INFO - Cycle completed in 11.3ms
2025-10-21 20:48:43,327 - src.api.main - INFO - Running consolidation cycle with 42 pending orders
2025-10-21 20:48:43,332 - src.core.decision_engine - INFO - Cycle 1: 42 pending shipments
2025-10-21 20:48:43,333 - src.core.decision_engine - INFO - Decision: pfa -> DISPATCH_IMMEDIATE (confidence: 1.00)
2025-10-21 20:48:43,334 - src.core.decision_engine - ERROR - Unknown action type: DISPATCH_IMMEDIATE
2025-10-21 20:48:43,335 - src.core.decision_engine - INFO - Cycle completed in 7.3ms
2025-10-21 20:49:40,701 - src.api.main - INFO - Running consolidation cycle with 42 pending orders
2025-10-21 20:49:40,705 - src.core.decision_engine - INFO - Cycle 2: 42 pending shipments
2025-10-21 20:49:40,707 - src.core.decision_engine - INFO - Decision: pfa -> DISPATCH_IMMEDIATE (confidence: 1.00)
2025-10-21 20:49:40,707 - src.core.decision_engine - ERROR - Unknown action type: DISPATCH_IMMEDIATE
2025-10-21 20:49:40,708 - src.core.decision_engine - INFO - Cycle completed in 6.6ms
2025-10-21 20:50:51,306 - watchfiles.main - INFO - 1 change detected
2025-10-21 20:51:14,005 - watchfiles.main - INFO - 2 changes detected
2025-10-21 20:51:21,295 - src.api.main - INFO - Shutting down Senga Sequential Decision Engine
2025-10-21 20:51:21,296 - src.api.main - INFO - Shutdown complete
2025-10-21 20:52:51,205 - src.api.main - INFO - ============================================================
2025-10-21 20:52:51,206 - src.api.main - INFO - Starting Senga Sequential Decision Engine
2025-10-21 20:52:51,207 - src.api.main - INFO - ============================================================
2025-10-21 20:52:51,303 - src.core.decision_engine - INFO - Decision Engine initialized
2025-10-21 20:52:51,323 - src.api.main - INFO - ============================================================
2025-10-21 20:52:51,323 - src.api.main - INFO - Senga SDE Ready
2025-10-21 20:52:51,323 - src.api.main - INFO - ============================================================
2025-10-21 20:53:23,217 - watchfiles.main - INFO - 1 change detected
2025-10-21 20:53:26,166 - watchfiles.main - INFO - 1 change detected
2025-10-21 20:55:24,857 - src.api.main - INFO - Shutting down Senga Sequential Decision Engine
2025-10-21 20:55:24,859 - src.api.main - INFO - Shutdown complete
2025-10-21 20:56:40,068 - src.api.main - INFO - ============================================================
2025-10-21 20:56:40,068 - src.api.main - INFO - Starting Senga Sequential Decision Engine
2025-10-21 20:56:40,069 - src.api.main - INFO - ============================================================
2025-10-21 20:56:40,168 - watchfiles.main - INFO - 3 changes detected
2025-10-21 20:56:40,527 - watchfiles.main - INFO - 1 change detected
2025-10-21 20:56:40,888 - watchfiles.main - INFO - 5 changes detected
2025-10-21 20:56:41,247 - watchfiles.main - INFO - 7 changes detected
2025-10-21 20:56:41,610 - watchfiles.main - INFO - 4 changes detected
2025-10-21 20:56:41,793 - src.core.decision_engine - INFO - Decision Engine initialized
2025-10-21 20:56:41,817 - src.api.main - INFO - ============================================================
2025-10-21 20:56:41,817 - src.api.main - INFO - Senga SDE Ready
2025-10-21 20:56:41,818 - src.api.main - INFO - ============================================================
2025-10-21 20:56:41,969 - watchfiles.main - INFO - 3 changes detected
2025-10-21 20:57:53,736 - watchfiles.main - INFO - 1 change detected
2025-10-21 20:57:54,096 - watchfiles.main - INFO - 1 change detected
2025-10-21 20:57:54,458 - watchfiles.main - INFO - 3 changes detected
2025-10-21 20:57:54,818 - watchfiles.main - INFO - 1 change detected
2025-10-21 20:58:27,856 - src.api.main - INFO - Running consolidation cycle with 1 pending orders
2025-10-21 20:58:27,858 - src.core.decision_engine - INFO - Cycle 0: 1 pending shipments
2025-10-21 20:58:27,859 - src.core.decision_engine - INFO - Decision: cfa -> WAIT (confidence: 0.50)
2025-10-21 20:58:27,860 - src.core.decision_engine - INFO - Decision: WAIT - no action taken
2025-10-21 20:58:27,919 - watchfiles.main - INFO - 1 change detected
2025-10-21 20:58:28,297 - src.core.decision_engine - INFO - Cycle completed in 440.4ms
2025-10-21 20:58:28,383 - watchfiles.main - INFO - 3 changes detected
2025-10-21 20:58:28,837 - watchfiles.main - INFO - 1 change detected
2025-10-21 20:59:10,059 - watchfiles.main - INFO - 1 change detected
2025-10-21 20:59:10,472 - watchfiles.main - INFO - 1 change detected
2025-10-21 20:59:10,832 - watchfiles.main - INFO - 3 changes detected
2025-10-21 20:59:11,187 - watchfiles.main - INFO - 1 change detected
2025-10-21 20:59:41,689 - src.api.main - INFO - Running consolidation cycle with 2 pending orders
2025-10-21 20:59:41,692 - src.core.decision_engine - INFO - Cycle 1: 2 pending shipments
2025-10-21 20:59:41,695 - src.core.decision_engine - INFO - Decision: cfa -> WAIT (confidence: 0.50)
2025-10-21 20:59:41,698 - src.core.decision_engine - INFO - Decision: WAIT - no action taken
2025-10-21 20:59:41,775 - watchfiles.main - INFO - 1 change detected
2025-10-21 20:59:42,129 - watchfiles.main - INFO - 1 change detected
2025-10-21 20:59:42,205 - src.core.decision_engine - INFO - Cycle completed in 514.8ms
2025-10-21 20:59:42,489 - watchfiles.main - INFO - 3 changes detected
2025-10-21 20:59:42,847 - watchfiles.main - INFO - 1 change detected
2025-10-21 21:01:49,827 - watchfiles.main - INFO - 1 change detected
2025-10-21 21:01:50,050 - src.api.main - INFO - Shutting down Senga Sequential Decision Engine
2025-10-21 21:01:50,051 - src.api.main - INFO - Shutdown complete
2025-10-21 21:01:52,006 - watchfiles.main - INFO - 3 changes detected
2025-10-21 21:01:55,325 - watchfiles.main - INFO - 1 change detected
2025-10-21 21:02:03,029 - watchfiles.main - INFO - 1 change detected
2025-10-21 21:02:03,168 - src.api.main - INFO - ============================================================
2025-10-21 21:02:03,169 - src.api.main - INFO - Starting Senga Sequential Decision Engine
2025-10-21 21:02:03,170 - src.api.main - INFO - ============================================================
2025-10-21 21:02:03,403 - watchfiles.main - INFO - 1 change detected
2025-10-21 21:02:03,423 - src.core.decision_engine - INFO - Decision Engine initialized
2025-10-21 21:02:03,455 - src.api.main - INFO - ============================================================
2025-10-21 21:02:03,455 - src.api.main - INFO - Senga SDE Ready
2025-10-21 21:02:03,455 - src.api.main - INFO - ============================================================
2025-10-21 21:02:03,762 - watchfiles.main - INFO - 1 change detected
2025-10-21 21:02:04,123 - watchfiles.main - INFO - 1 change detected
2025-10-21 21:02:04,487 - watchfiles.main - INFO - 1 change detected
2025-10-21 21:02:04,852 - watchfiles.main - INFO - 1 change detected
2025-10-21 21:02:05,212 - watchfiles.main - INFO - 1 change detected
2025-10-21 21:02:05,623 - watchfiles.main - INFO - 1 change detected
2025-10-21 21:02:06,031 - watchfiles.main - INFO - 1 change detected
2025-10-21 21:02:06,447 - watchfiles.main - INFO - 1 change detected
2025-10-21 21:02:06,857 - watchfiles.main - INFO - 1 change detected
2025-10-21 21:02:07,174 - src.api.main - INFO - Shutting down Senga Sequential Decision Engine
2025-10-21 21:02:07,176 - src.api.main - INFO - Shutdown complete
2025-10-21 21:02:30,181 - src.api.main - INFO - ============================================================
2025-10-21 21:02:30,182 - src.api.main - INFO - Starting Senga Sequential Decision Engine
2025-10-21 21:02:30,183 - src.api.main - INFO - ============================================================
2025-10-21 21:02:30,259 - src.core.decision_engine - INFO - Decision Engine initialized
2025-10-21 21:02:30,274 - src.api.main - INFO - ============================================================
2025-10-21 21:02:30,275 - src.api.main - INFO - Senga SDE Ready
2025-10-21 21:02:30,275 - src.api.main - INFO - ============================================================
2025-10-21 21:03:29,210 - src.api.main - INFO - Running consolidation cycle with 2 pending orders
2025-10-21 21:03:29,212 - src.core.decision_engine - INFO - Cycle 0: 2 pending shipments
2025-10-21 21:03:29,388 - src.core.decision_engine - INFO - Decision: cfa -> DISPATCH (confidence: 0.80)
2025-10-21 21:03:29,389 - src.core.decision_engine - ERROR - Cycle failed: type object 'ShipmentStatus' has no attribute 'IN_TRANSIT'
Traceback (most recent call last):
  File "D:\work\senga-sde-framework-v1.0.0\src\core\decision_engine.py", line 115, in run_cycle
    execution_result = self._execute_decision(decision, state_before)
  File "D:\work\senga-sde-framework-v1.0.0\src\core\decision_engine.py", line 201, in _execute_decision
    route_result = self._dispatch_batch(batch, state)
  File "D:\work\senga-sde-framework-v1.0.0\src\core\decision_engine.py", line 274, in _dispatch_batch
    new_status=ShipmentStatus.IN_TRANSIT,
               ^^^^^^^^^^^^^^^^^^^^^^^^^
AttributeError: type object 'ShipmentStatus' has no attribute 'IN_TRANSIT'
2025-10-21 21:03:29,804 - src.api.main - ERROR - Consolidation cycle failed: type object 'ShipmentStatus' has no attribute 'IN_TRANSIT'
Traceback (most recent call last):
  File "D:\work\senga-sde-framework-v1.0.0\src\api\main.py", line 304, in trigger_consolidation_cycle
    cycle_result = decision_engine.run_cycle()
  File "D:\work\senga-sde-framework-v1.0.0\src\core\decision_engine.py", line 115, in run_cycle
    execution_result = self._execute_decision(decision, state_before)
  File "D:\work\senga-sde-framework-v1.0.0\src\core\decision_engine.py", line 201, in _execute_decision
    route_result = self._dispatch_batch(batch, state)
  File "D:\work\senga-sde-framework-v1.0.0\src\core\decision_engine.py", line 274, in _dispatch_batch
    new_status=ShipmentStatus.IN_TRANSIT,
               ^^^^^^^^^^^^^^^^^^^^^^^^^
AttributeError: type object 'ShipmentStatus' has no attribute 'IN_TRANSIT'
2025-10-21 21:07:51,002 - watchfiles.main - INFO - 1 change detected
2025-10-21 21:07:51,450 - watchfiles.main - INFO - 2 changes detected
2025-10-21 21:07:51,839 - watchfiles.main - INFO - 1 change detected
2025-10-21 21:07:52,202 - watchfiles.main - INFO - 1 change detected
2025-10-21 21:07:52,566 - watchfiles.main - INFO - 1 change detected
2025-10-21 21:07:52,931 - watchfiles.main - INFO - 1 change detected
2025-10-21 21:07:53,293 - watchfiles.main - INFO - 6 changes detected
2025-10-21 21:07:53,654 - watchfiles.main - INFO - 1 change detected
2025-10-21 21:07:54,066 - watchfiles.main - INFO - 1 change detected
2025-10-21 21:07:54,471 - watchfiles.main - INFO - 1 change detected
2025-10-21 21:07:54,692 - src.api.main - INFO - ============================================================
2025-10-21 21:07:54,694 - src.api.main - INFO - Starting Senga Sequential Decision Engine
2025-10-21 21:07:54,695 - src.api.main - INFO - ============================================================
2025-10-21 21:07:54,773 - src.core.decision_engine - INFO - Decision Engine initialized
2025-10-21 21:07:54,793 - src.api.main - INFO - ============================================================
2025-10-21 21:07:54,793 - src.api.main - INFO - Senga SDE Ready
2025-10-21 21:07:54,793 - src.api.main - INFO - ============================================================
2025-10-21 21:07:54,825 - watchfiles.main - INFO - 1 change detected
2025-10-21 21:07:55,189 - watchfiles.main - INFO - 1 change detected
2025-10-21 21:07:55,548 - watchfiles.main - INFO - 1 change detected
2025-10-21 21:07:55,907 - watchfiles.main - INFO - 1 change detected
2025-10-21 21:07:56,265 - watchfiles.main - INFO - 1 change detected
2025-10-21 21:07:56,677 - watchfiles.main - INFO - 1 change detected
2025-10-21 21:07:57,063 - watchfiles.main - INFO - 1 change detected
2025-10-21 21:07:57,495 - watchfiles.main - INFO - 1 change detected
2025-10-21 21:07:57,902 - watchfiles.main - INFO - 1 change detected
2025-10-21 21:07:58,311 - watchfiles.main - INFO - 1 change detected
2025-10-21 21:07:58,718 - watchfiles.main - INFO - 1 change detected
2025-10-21 21:07:59,125 - watchfiles.main - INFO - 1 change detected
2025-10-21 21:07:59,533 - watchfiles.main - INFO - 1 change detected
2025-10-21 21:07:59,940 - watchfiles.main - INFO - 1 change detected
2025-10-21 21:07:59,945 - src.api.main - INFO - Shutting down Senga Sequential Decision Engine
2025-10-21 21:07:59,946 - src.api.main - INFO - Shutdown complete
2025-10-21 21:08:00,295 - watchfiles.main - INFO - 1 change detected
2025-10-21 21:08:00,657 - watchfiles.main - INFO - 1 change detected
2025-10-21 21:08:01,020 - watchfiles.main - INFO - 1 change detected
2025-10-21 21:08:01,382 - watchfiles.main - INFO - 1 change detected
2025-10-21 21:08:01,792 - watchfiles.main - INFO - 1 change detected
2025-10-21 21:08:02,200 - watchfiles.main - INFO - 1 change detected
2025-10-21 21:08:02,605 - watchfiles.main - INFO - 1 change detected
2025-10-21 21:08:03,012 - watchfiles.main - INFO - 1 change detected
2025-10-21 21:08:03,418 - watchfiles.main - INFO - 1 change detected
2025-10-21 21:08:03,823 - watchfiles.main - INFO - 1 change detected
2025-10-21 21:08:04,229 - watchfiles.main - INFO - 1 change detected
2025-10-21 21:08:04,635 - watchfiles.main - INFO - 1 change detected
2025-10-21 21:08:05,041 - watchfiles.main - INFO - 1 change detected
2025-10-21 21:08:05,448 - watchfiles.main - INFO - 1 change detected
2025-10-21 21:08:16,076 - src.api.main - INFO - ============================================================
2025-10-21 21:08:16,077 - src.api.main - INFO - Starting Senga Sequential Decision Engine
2025-10-21 21:08:16,079 - src.api.main - INFO - ============================================================
2025-10-21 21:08:16,150 - src.core.decision_engine - INFO - Decision Engine initialized
2025-10-21 21:08:16,165 - src.api.main - INFO - ============================================================
2025-10-21 21:08:16,166 - src.api.main - INFO - Senga SDE Ready
2025-10-21 21:08:16,166 - src.api.main - INFO - ============================================================
2025-10-21 21:09:08,783 - src.api.main - INFO - Running consolidation cycle with 2 pending orders
2025-10-21 21:09:08,786 - src.core.decision_engine - INFO - Cycle 0: 2 pending shipments
2025-10-21 21:09:08,856 - src.core.decision_engine - INFO - Decision: cfa -> DISPATCH (confidence: 0.80)
2025-10-21 21:09:08,856 - src.core.decision_engine - ERROR - Cycle failed: StateManager.update_shipment_status() got an unexpected keyword argument 'new_status'
Traceback (most recent call last):
  File "D:\work\senga-sde-framework-v1.0.0\src\core\decision_engine.py", line 115, in run_cycle
    execution_result = self._execute_decision(decision, state_before)
  File "D:\work\senga-sde-framework-v1.0.0\src\core\decision_engine.py", line 201, in _execute_decision
    route_result = self._dispatch_batch(batch, state)
  File "D:\work\senga-sde-framework-v1.0.0\src\core\decision_engine.py", line 272, in _dispatch_batch
    success = self.state_manager.update_shipment_status(
        shipment_id=shipment_id,
        new_status=ShipmentStatus.EN_ROUTE,
        location=route[0] if route else None
    )
TypeError: StateManager.update_shipment_status() got an unexpected keyword argument 'new_status'
2025-10-21 21:09:08,864 - src.api.main - ERROR - Consolidation cycle failed: StateManager.update_shipment_status() got an unexpected keyword argument 'new_status'
Traceback (most recent call last):
  File "D:\work\senga-sde-framework-v1.0.0\src\api\main.py", line 304, in trigger_consolidation_cycle
    cycle_result = decision_engine.run_cycle()
  File "D:\work\senga-sde-framework-v1.0.0\src\core\decision_engine.py", line 115, in run_cycle
    execution_result = self._execute_decision(decision, state_before)
  File "D:\work\senga-sde-framework-v1.0.0\src\core\decision_engine.py", line 201, in _execute_decision
    route_result = self._dispatch_batch(batch, state)
  File "D:\work\senga-sde-framework-v1.0.0\src\core\decision_engine.py", line 272, in _dispatch_batch
    success = self.state_manager.update_shipment_status(
        shipment_id=shipment_id,
        new_status=ShipmentStatus.EN_ROUTE,
        location=route[0] if route else None
    )
TypeError: StateManager.update_shipment_status() got an unexpected keyword argument 'new_status'
2025-10-21 21:12:57,313 - watchfiles.main - INFO - 1 change detected
2025-10-21 21:12:57,789 - watchfiles.main - INFO - 2 changes detected
2025-10-21 21:12:58,211 - watchfiles.main - INFO - 1 change detected
2025-10-21 21:12:58,572 - watchfiles.main - INFO - 1 change detected
2025-10-21 21:12:58,929 - watchfiles.main - INFO - 1 change detected
2025-10-21 21:12:59,291 - watchfiles.main - INFO - 1 change detected
2025-10-21 21:12:59,652 - watchfiles.main - INFO - 6 changes detected
2025-10-21 21:13:00,011 - watchfiles.main - INFO - 1 change detected
2025-10-21 21:13:00,421 - watchfiles.main - INFO - 1 change detected
2025-10-21 21:13:00,828 - watchfiles.main - INFO - 1 change detected
2025-10-21 21:13:01,190 - watchfiles.main - INFO - 1 change detected
2025-10-21 21:13:01,269 - src.api.main - INFO - ============================================================
2025-10-21 21:13:01,270 - src.api.main - INFO - Starting Senga Sequential Decision Engine
2025-10-21 21:13:01,270 - src.api.main - INFO - ============================================================
2025-10-21 21:13:01,476 - src.core.decision_engine - INFO - Decision Engine initialized
2025-10-21 21:13:01,496 - src.api.main - INFO - ============================================================
2025-10-21 21:13:01,496 - src.api.main - INFO - Senga SDE Ready
2025-10-21 21:13:01,497 - src.api.main - INFO - ============================================================
2025-10-21 21:13:01,562 - watchfiles.main - INFO - 1 change detected
2025-10-21 21:13:01,920 - watchfiles.main - INFO - 1 change detected
2025-10-21 21:13:02,280 - watchfiles.main - INFO - 1 change detected
2025-10-21 21:13:02,881 - watchfiles.main - INFO - 1 change detected
2025-10-21 21:13:03,451 - watchfiles.main - INFO - 1 change detected
2025-10-21 21:13:07,149 - src.api.main - INFO - Shutting down Senga Sequential Decision Engine
2025-10-21 21:13:07,149 - src.api.main - INFO - Shutdown complete
2025-10-21 21:13:19,121 - src.api.main - INFO - ============================================================
2025-10-21 21:13:19,122 - src.api.main - INFO - Starting Senga Sequential Decision Engine
2025-10-21 21:13:19,123 - src.api.main - INFO - ============================================================
2025-10-21 21:13:19,210 - src.core.decision_engine - INFO - Decision Engine initialized
2025-10-21 21:13:19,228 - src.api.main - INFO - ============================================================
2025-10-21 21:13:19,228 - src.api.main - INFO - Senga SDE Ready
2025-10-21 21:13:19,229 - src.api.main - INFO - ============================================================
2025-10-21 21:14:02,137 - src.api.main - INFO - Running consolidation cycle with 2 pending orders
2025-10-21 21:14:02,140 - src.core.decision_engine - INFO - Cycle 0: 2 pending shipments
2025-10-21 21:14:02,223 - src.core.decision_engine - INFO - Decision: cfa -> DISPATCH (confidence: 0.80)
2025-10-21 21:14:02,634 - watchfiles.main - INFO - 1 change detected
2025-10-21 21:14:02,930 - src.core.decision_engine - INFO - Dispatched 2 shipments using 1 vehicles
2025-10-21 21:14:02,993 - watchfiles.main - INFO - 5 changes detected
2025-10-21 21:14:03,018 - src.core.decision_engine - ERROR - Cycle failed: 'SengaConfigurator' object has no attribute 'vfa_discount_factor'
Traceback (most recent call last):
  File "D:\work\senga-sde-framework-v1.0.0\src\core\decision_engine.py", line 123, in run_cycle
    learning_updates = self._trigger_learning_update(
        state_before, decision, execution_result
    )
  File "D:\work\senga-sde-framework-v1.0.0\src\core\decision_engine.py", line 326, in _trigger_learning_update
    action_value=immediate_reward + self.config.vfa_discount_factor * next_state_value,
                                    ^^^^^^^^^^^^^^^^^^^^^^^^^^^^^^^
AttributeError: 'SengaConfigurator' object has no attribute 'vfa_discount_factor'
2025-10-21 21:14:03,025 - src.api.main - ERROR - Consolidation cycle failed: 'SengaConfigurator' object has no attribute 'vfa_discount_factor'
Traceback (most recent call last):
  File "D:\work\senga-sde-framework-v1.0.0\src\api\main.py", line 304, in trigger_consolidation_cycle
    cycle_result = decision_engine.run_cycle()
  File "D:\work\senga-sde-framework-v1.0.0\src\core\decision_engine.py", line 123, in run_cycle
    learning_updates = self._trigger_learning_update(
        state_before, decision, execution_result
    )
  File "D:\work\senga-sde-framework-v1.0.0\src\core\decision_engine.py", line 326, in _trigger_learning_update
    action_value=immediate_reward + self.config.vfa_discount_factor * next_state_value,
                                    ^^^^^^^^^^^^^^^^^^^^^^^^^^^^^^^
AttributeError: 'SengaConfigurator' object has no attribute 'vfa_discount_factor'
2025-10-21 21:14:03,355 - watchfiles.main - INFO - 2 changes detected
2025-10-21 21:20:03,853 - watchfiles.main - INFO - 1 change detected
2025-10-21 21:20:04,448 - watchfiles.main - INFO - 2 changes detected
2025-10-21 21:20:05,229 - watchfiles.main - INFO - 1 change detected
2025-10-21 21:20:05,932 - watchfiles.main - INFO - 1 change detected
2025-10-21 21:20:06,533 - watchfiles.main - INFO - 1 change detected
2025-10-21 21:20:07,011 - watchfiles.main - INFO - 1 change detected
2025-10-21 21:20:07,418 - watchfiles.main - INFO - 1 change detected
2025-10-21 21:20:07,861 - watchfiles.main - INFO - 1 change detected
2025-10-21 21:20:08,415 - watchfiles.main - INFO - 1 change detected
2025-10-21 21:20:09,195 - watchfiles.main - INFO - 1 change detected
2025-10-21 21:20:09,834 - watchfiles.main - INFO - 1 change detected
2025-10-21 21:20:10,228 - watchfiles.main - INFO - 1 change detected
2025-10-21 21:20:10,675 - watchfiles.main - INFO - 1 change detected
2025-10-21 21:20:11,066 - watchfiles.main - INFO - 1 change detected
2025-10-21 21:20:11,610 - watchfiles.main - INFO - 1 change detected
2025-10-21 21:20:12,261 - watchfiles.main - INFO - 1 change detected
2025-10-21 21:20:12,726 - watchfiles.main - INFO - 1 change detected
2025-10-21 21:20:13,368 - watchfiles.main - INFO - 1 change detected
2025-10-21 21:20:13,780 - watchfiles.main - INFO - 1 change detected
2025-10-21 21:20:14,137 - watchfiles.main - INFO - 1 change detected
2025-10-21 21:20:14,544 - watchfiles.main - INFO - 1 change detected
2025-10-21 21:20:15,084 - watchfiles.main - INFO - 1 change detected
2025-10-21 21:20:15,526 - watchfiles.main - INFO - 1 change detected
2025-10-21 21:20:15,926 - watchfiles.main - INFO - 1 change detected
2025-10-21 21:20:15,949 - src.api.main - INFO - ============================================================
2025-10-21 21:20:15,959 - src.api.main - INFO - Starting Senga Sequential Decision Engine
2025-10-21 21:20:15,961 - src.api.main - INFO - ============================================================
2025-10-21 21:20:16,348 - src.core.decision_engine - INFO - Decision Engine initialized
2025-10-21 21:20:16,395 - watchfiles.main - INFO - 1 change detected
2025-10-21 21:20:16,524 - src.api.main - INFO - ============================================================
2025-10-21 21:20:16,531 - src.api.main - INFO - Senga SDE Ready
2025-10-21 21:20:16,534 - src.api.main - INFO - ============================================================
2025-10-21 21:20:16,805 - watchfiles.main - INFO - 1 change detected
2025-10-21 21:20:17,206 - watchfiles.main - INFO - 1 change detected
2025-10-21 21:20:17,571 - watchfiles.main - INFO - 1 change detected
2025-10-21 21:20:17,937 - watchfiles.main - INFO - 2 changes detected
2025-10-21 21:20:18,111 - src.api.main - INFO - Shutting down Senga Sequential Decision Engine
2025-10-21 21:20:18,111 - src.api.main - INFO - Shutdown complete
2025-10-21 21:20:19,593 - watchfiles.main - INFO - 1 change detected
2025-10-21 21:20:57,528 - src.api.main - INFO - ============================================================
2025-10-21 21:20:57,529 - src.api.main - INFO - Starting Senga Sequential Decision Engine
2025-10-21 21:20:57,530 - src.api.main - INFO - ============================================================
2025-10-21 21:20:57,629 - src.core.decision_engine - INFO - Decision Engine initialized
2025-10-21 21:20:57,647 - src.api.main - INFO - ============================================================
2025-10-21 21:20:57,648 - src.api.main - INFO - Senga SDE Ready
2025-10-21 21:20:57,648 - src.api.main - INFO - ============================================================
2025-10-21 21:23:16,876 - watchfiles.main - INFO - 1 change detected
2025-10-21 21:24:21,769 - watchfiles.main - INFO - 1 change detected
2025-10-21 21:24:22,228 - watchfiles.main - INFO - 1 change detected
2025-10-21 21:24:36,409 - watchfiles.main - INFO - 1 change detected
2025-10-21 21:24:36,787 - watchfiles.main - INFO - 1 change detected
2025-10-21 21:25:15,365 - src.api.main - INFO - Shutting down Senga Sequential Decision Engine
2025-10-21 21:25:15,370 - src.api.main - INFO - Shutdown complete
